<?xml version="1.0" encoding="UTF-8"?><testsuite errors="0" failures="0" name="To test the Banking Application." skipped="0" tests="9" time="18.39" timestamp="2020-09-255 12:22:46"><testcase name="To input the data from the feature file"/><testcase name="To validate if the user is able to get all the data from the url given"/><testcase name="To verify how many accounts are present"/><testcase name="To check how many accounts are joint accounts"/><testcase name="to check how many accounts have balance greater than 200000"/><testcase name="To check how many account number ends with 02"/><testcase name="To verify if we can use the filter method to filter out the ids 3 and 4"/><testcase name="to display all the accounts in ascending order"/><testcase name="To Display the content of page Three"/></testsuite>